Using pre-set license
Built from '2022.3/staging' branch; Version is '2022.3.14f1 (eff2de9070d8) revision 15725278'; Using compiler version '192829333'; Build Type 'Release'
OS: 'Windows 10  (10.0.19045) 64bit Professional' Language: 'de' Physical Memory: 16337 MB
BatchMode: 1, IsHumanControllingUs: 0, StartBugReporterOnCrash: 0, Is64bit: 1, IsPro: 1

COMMAND LINE ARGUMENTS:
S:\Unity\UnityEditor\Unity 2022.3.14f1\Editor\Unity.exe
-adb2
-batchMode
-noUpm
-name
AssetImportWorker1
-projectPath
S:/Unity/Projects/Projects/Main Menu
-logFile
Logs/AssetImportWorker1.log
-srvPort
51477
Successfully changed project path to: S:/Unity/Projects/Projects/Main Menu
S:/Unity/Projects/Projects/Main Menu
[UnityMemory] Configuration Parameters - Can be set up in boot.config
    "memorysetup-bucket-allocator-granularity=16"
    "memorysetup-bucket-allocator-bucket-count=8"
    "memorysetup-bucket-allocator-block-size=33554432"
    "memorysetup-bucket-allocator-block-count=8"
    "memorysetup-main-allocator-block-size=16777216"
    "memorysetup-thread-allocator-block-size=16777216"
    "memorysetup-gfx-main-allocator-block-size=16777216"
    "memorysetup-gfx-thread-allocator-block-size=16777216"
    "memorysetup-cache-allocator-block-size=4194304"
    "memorysetup-typetree-allocator-block-size=2097152"
    "memorysetup-profiler-bucket-allocator-granularity=16"
    "memorysetup-profiler-bucket-allocator-bucket-count=8"
    "memorysetup-profiler-bucket-allocator-block-size=33554432"
    "memorysetup-profiler-bucket-allocator-block-count=8"
    "memorysetup-profiler-allocator-block-size=16777216"
    "memorysetup-profiler-editor-allocator-block-size=1048576"
    "memorysetup-temp-allocator-size-main=16777216"
    "memorysetup-job-temp-allocator-block-size=2097152"
    "memorysetup-job-temp-allocator-block-size-background=1048576"
    "memorysetup-job-temp-allocator-reduction-small-platforms=262144"
    "memorysetup-allocator-temp-initial-block-size-main=262144"
    "memorysetup-allocator-temp-initial-block-size-worker=262144"
    "memorysetup-temp-allocator-size-background-worker=32768"
    "memorysetup-temp-allocator-size-job-worker=262144"
    "memorysetup-temp-allocator-size-preload-manager=33554432"
    "memorysetup-temp-allocator-size-nav-mesh-worker=65536"
    "memorysetup-temp-allocator-size-audio-worker=65536"
    "memorysetup-temp-allocator-size-cloud-worker=32768"
    "memorysetup-temp-allocator-size-gi-baking-worker=262144"
    "memorysetup-temp-allocator-size-gfx=262144"
Player connection [8012] Host "[IP] 192.168.2.129 [Port] 0 [Flags] 2 [Guid] 3065345979 [EditorId] 3065345979 [Version] 1048832 [Id] WindowsEditor(7,DESKTOP-T2RME4P) [Debug] 1 [PackageName] WindowsEditor [ProjectName] Editor" joined multi-casting on [225.0.0.222:54997]...

Player connection [8012] Host "[IP] 192.168.2.129 [Port] 0 [Flags] 2 [Guid] 3065345979 [EditorId] 3065345979 [Version] 1048832 [Id] WindowsEditor(7,DESKTOP-T2RME4P) [Debug] 1 [PackageName] WindowsEditor [ProjectName] Editor" joined alternative multi-casting on [225.0.0.222:34997]...

[Physics::Module] Initialized MultithreadedJobDispatcher with 11 workers.
Refreshing native plugins compatible for Editor in 32.71 ms, found 4 plugins.
Preloading 0 native plugins for Editor in 0.00 ms.
Initialize engine version: 2022.3.14f1 (eff2de9070d8)
[Subsystems] Discovering subsystems at path S:/Unity/UnityEditor/Unity 2022.3.14f1/Editor/Data/Resources/UnitySubsystems
[Subsystems] Discovering subsystems at path S:/Unity/Projects/Projects/Main Menu/Assets
GfxDevice: creating device client; threaded=0; jobified=0
Direct3D:
    Version:  Direct3D 11.0 [level 11.1]
    Renderer: Radeon RX 580 Series (ID=0x67df)
    Vendor:   ATI
    VRAM:     8170 MB
    Driver:   31.0.21031.1005
Initialize mono
Mono path[0] = 'S:/Unity/UnityEditor/Unity 2022.3.14f1/Editor/Data/Managed'
Mono path[1] = 'S:/Unity/UnityEditor/Unity 2022.3.14f1/Editor/Data/MonoBleedingEdge/lib/mono/unityjit-win32'
Mono config path = 'S:/Unity/UnityEditor/Unity 2022.3.14f1/Editor/Data/MonoBleedingEdge/etc'
Using monoOptions --debugger-agent=transport=dt_socket,embedding=1,server=y,suspend=n,address=127.0.0.1:56800
Begin MonoManager ReloadAssembly
Registering precompiled unity dll's ...
Register platform support module: S:/Unity/UnityEditor/Unity 2022.3.14f1/Editor/Data/PlaybackEngines/WebGLSupport/UnityEditor.WebGL.Extensions.dll
Register platform support module: S:/Unity/UnityEditor/Unity 2022.3.14f1/Editor/Data/PlaybackEngines/WindowsStandaloneSupport/UnityEditor.WindowsStandalone.Extensions.dll
Registered in 0.034521 seconds.
- Loaded All Assemblies, in  0.650 seconds
Native extension for WindowsStandalone target not found
Native extension for WebGL target not found
Mono: successfully reloaded assembly
- Finished resetting the current domain, in  0.399 seconds
Domain Reload Profiling: 1039ms
	BeginReloadAssembly (223ms)
		ExecutionOrderSort (0ms)
		DisableScriptedObjects (0ms)
		BackupInstance (0ms)
		ReleaseScriptingObjects (0ms)
		CreateAndSetChildDomain (1ms)
	RebuildCommonClasses (54ms)
	RebuildNativeTypeToScriptingClass (16ms)
	initialDomainReloadingComplete (130ms)
	LoadAllAssembliesAndSetupDomain (215ms)
		LoadAssemblies (215ms)
		RebuildTransferFunctionScriptingTraits (0ms)
		AnalyzeDomain (211ms)
			TypeCache.Refresh (209ms)
				TypeCache.ScanAssembly (190ms)
			ScanForSourceGeneratedMonoScriptInfo (1ms)
			ResolveRequiredComponents (1ms)
	FinalizeReload (399ms)
		ReleaseScriptCaches (0ms)
		RebuildScriptCaches (0ms)
		SetupLoadedEditorAssemblies (316ms)
			LogAssemblyErrors (0ms)
			InitializePlatformSupportModulesInManaged (25ms)
			SetLoadedEditorAssemblies (8ms)
			RefreshPlugins (0ms)
			BeforeProcessingInitializeOnLoad (3ms)
			ProcessInitializeOnLoadAttributes (205ms)
			ProcessInitializeOnLoadMethodAttributes (75ms)
			AfterProcessingInitializeOnLoad (0ms)
			EditorAssembliesLoaded (0ms)
		ExecutionOrderSort2 (0ms)
		AwakeInstancesAfterBackupRestoration (0ms)
========================================================================
Worker process is ready to serve import requests
Begin MonoManager ReloadAssembly
- Loaded All Assemblies, in  1.368 seconds
Refreshing native plugins compatible for Editor in 15.91 ms, found 4 plugins.
Native extension for WindowsStandalone target not found
Native extension for WebGL target not found
Package Manager log level set to [2]
[Package Manager] Server::EnsureServerProcessIsRunning -- launch failed, reason: Unity was launched with the -noUpm command-line argument
[Package Manager] UpmClient::Send -- Unable to send message (not connected to UPM process).
[Package Manager] Cannot connect to Unity Package Manager local server
Mono: successfully reloaded assembly
- Finished resetting the current domain, in  1.110 seconds
Domain Reload Profiling: 2459ms
	BeginReloadAssembly (322ms)
		ExecutionOrderSort (0ms)
		DisableScriptedObjects (9ms)
		BackupInstance (0ms)
		ReleaseScriptingObjects (0ms)
		CreateAndSetChildDomain (36ms)
	RebuildCommonClasses (66ms)
	RebuildNativeTypeToScriptingClass (17ms)
	initialDomainReloadingComplete (95ms)
	LoadAllAssembliesAndSetupDomain (848ms)
		LoadAssemblies (796ms)
		RebuildTransferFunctionScriptingTraits (0ms)
		AnalyzeDomain (261ms)
			TypeCache.Refresh (219ms)
				TypeCache.ScanAssembly (194ms)
			ScanForSourceGeneratedMonoScriptInfo (31ms)
			ResolveRequiredComponents (9ms)
	FinalizeReload (1111ms)
		ReleaseScriptCaches (0ms)
		RebuildScriptCaches (0ms)
		SetupLoadedEditorAssemblies (847ms)
			LogAssemblyErrors (0ms)
			InitializePlatformSupportModulesInManaged (20ms)
			SetLoadedEditorAssemblies (5ms)
			RefreshPlugins (0ms)
			BeforeProcessingInitializeOnLoad (169ms)
			ProcessInitializeOnLoadAttributes (558ms)
			ProcessInitializeOnLoadMethodAttributes (63ms)
			AfterProcessingInitializeOnLoad (32ms)
			EditorAssembliesLoaded (0ms)
		ExecutionOrderSort2 (0ms)
		AwakeInstancesAfterBackupRestoration (11ms)
Launched and connected shader compiler UnityShaderCompiler.exe after 0.07 seconds
Refreshing native plugins compatible for Editor in 17.10 ms, found 4 plugins.
Preloading 0 native plugins for Editor in 0.00 ms.
Unloading 4064 Unused Serialized files (Serialized files now loaded: 0)
Unloading 70 unused Assets / (244.8 KB). Loaded Objects now: 4520.
Memory consumption went from 148.8 MB to 148.6 MB.
Total: 6.291700 ms (FindLiveObjects: 0.410100 ms CreateObjectMapping: 0.175600 ms MarkObjects: 5.346400 ms  DeleteObjects: 0.358300 ms)

AssetImportParameters requested are different than current active one (requested -> active):
  custom:container-demuxer-ogg: 62fdf1f143b41e24485cea50d1cbac27 -> 
  custom:video-decoder-ogg-theora: a1e56fd34408186e4bbccfd4996cb3dc -> 
  custom:framework-win-MediaFoundation: 216162199b28c13a410421893ffa2e32 -> 
  custom:CustomObjectIndexerAttribute: 756ad292c208cfabdd7b50bc23989ffe -> 
  custom:container-demuxer-webm: 4f35f7cbe854078d1ac9338744f61a02 -> 
  custom:container-muxer-webm: aa71ff27fc2769a1b78a27578f13a17b -> 
  custom:video-decoder-webm-vp8: 9c59270c3fd7afecdb556c50c9e8de78 -> 
  custom:AudioImporter_EditorPlatform: d09bf68614088b80899f8185d706f6e7 -> 
  custom:video-encoder-webm-vp8: eb34c28f22e8b96e1ab97ce403110664 -> 
  custom:audio-decoder-ogg-vorbis: bf7c407c2cedff20999df2af8eb42d56 -> 
  custom:audio-encoder-webm-vorbis: bf7c407c2cedff20999df2af8eb42d56 -> 
========================================================================
Received Import Request.
  Time since last request: 2019.644649 seconds.
  path: Assets/TextMesh Pro/Examples & Extras/Scenes/01-  Single Line TextMesh Pro.unity
  artifactKey: Guid(2ac8cf212df6445e8aebbe3cb832e993) Importer(2089858483,ef33d1177ba250d2f1210d0eb9ad1321)
Start importing Assets/TextMesh Pro/Examples & Extras/Scenes/01-  Single Line TextMesh Pro.unity using Guid(2ac8cf212df6445e8aebbe3cb832e993) Importer(2089858483,ef33d1177ba250d2f1210d0eb9ad1321) Opening scene 'Assets/TextMesh Pro/Examples & Extras/Scenes/01-  Single Line TextMesh Pro.unity additively'
Loaded scene 'Assets/TextMesh Pro/Examples & Extras/Scenes/01-  Single Line TextMesh Pro.unity'
	Deserialize:            57.140 ms
	Integration:            46.219 ms
	Integration of assets:  13.338 ms
	Thread Wait Time:       0.141 ms
	Total Operation Time:   116.837 ms
Generated GUIDs only implemented for interfaces!
 -> (artifact id: '32ce81449f09366bf772adf4624bbc8b') in 0.363042 seconds
Number of updated asset objects reloaded before import = 0
Number of asset objects unloaded after import = 16
========================================================================
Received Import Request.
  Time since last request: 0.000034 seconds.
  path: Assets/TextMesh Pro/Examples & Extras/Scenes/21 - Script Example.unity
  artifactKey: Guid(50f52f9274434ecfb34dd87f0836f323) Importer(2089858483,ef33d1177ba250d2f1210d0eb9ad1321)
Start importing Assets/TextMesh Pro/Examples & Extras/Scenes/21 - Script Example.unity using Guid(50f52f9274434ecfb34dd87f0836f323) Importer(2089858483,ef33d1177ba250d2f1210d0eb9ad1321) Opening scene 'Assets/TextMesh Pro/Examples & Extras/Scenes/21 - Script Example.unity additively'
LightingSettings: switching bake backend from 1 to 0.
Loaded scene 'Assets/TextMesh Pro/Examples & Extras/Scenes/21 - Script Example.unity'
	Deserialize:            10.119 ms
	Integration:            1.670 ms
	Integration of assets:  0.002 ms
	Thread Wait Time:       0.028 ms
	Total Operation Time:   11.819 ms
Generated GUIDs only implemented for interfaces!
 -> (artifact id: '868a407b96287c9e47c8bf4310f694b8') in 0.037432 seconds
Number of updated asset objects reloaded before import = 0
Number of asset objects unloaded after import = 1
========================================================================
Received Import Request.
  Time since last request: 0.000034 seconds.
  path: Assets/TextMesh Pro/Examples & Extras/Scenes/15 - Inline Graphics & Sprites.unity
  artifactKey: Guid(e76e6c0f81964cbda3fe0b7d26ed8060) Importer(2089858483,ef33d1177ba250d2f1210d0eb9ad1321)
Start importing Assets/TextMesh Pro/Examples & Extras/Scenes/15 - Inline Graphics & Sprites.unity using Guid(e76e6c0f81964cbda3fe0b7d26ed8060) Importer(2089858483,ef33d1177ba250d2f1210d0eb9ad1321) Opening scene 'Assets/TextMesh Pro/Examples & Extras/Scenes/15 - Inline Graphics & Sprites.unity additively'
LightingSettings: switching bake backend from 1 to 0.
Loaded scene 'Assets/TextMesh Pro/Examples & Extras/Scenes/15 - Inline Graphics & Sprites.unity'
	Deserialize:            71.695 ms
	Integration:            73.263 ms
	Integration of assets:  0.699 ms
	Thread Wait Time:       0.034 ms
	Total Operation Time:   145.691 ms
Generated GUIDs only implemented for interfaces!
 -> (artifact id: '5d39a9bec40e247e3256db5e39df5a4a') in 0.172821 seconds
Number of updated asset objects reloaded before import = 0
Number of asset objects unloaded after import = 25
========================================================================
Received Import Request.
  Time since last request: 0.000027 seconds.
  path: Assets/TextMesh Pro/Examples & Extras/Scenes/20 - Input Field with Scrollbar.unity
  artifactKey: Guid(337f92480dd24675aae9e79210fb1ad9) Importer(2089858483,ef33d1177ba250d2f1210d0eb9ad1321)
Start importing Assets/TextMesh Pro/Examples & Extras/Scenes/20 - Input Field with Scrollbar.unity using Guid(337f92480dd24675aae9e79210fb1ad9) Importer(2089858483,ef33d1177ba250d2f1210d0eb9ad1321) Opening scene 'Assets/TextMesh Pro/Examples & Extras/Scenes/20 - Input Field with Scrollbar.unity additively'
LightingSettings: switching bake backend from 1 to 0.
Loaded scene 'Assets/TextMesh Pro/Examples & Extras/Scenes/20 - Input Field with Scrollbar.unity'
	Deserialize:            50.908 ms
	Integration:            127.823 ms
	Integration of assets:  1.137 ms
	Thread Wait Time:       0.037 ms
	Total Operation Time:   179.905 ms
Generated GUIDs only implemented for interfaces!
 -> (artifact id: '9dd0647debe3d967bf659c5d774a4934') in 0.208781 seconds
Number of updated asset objects reloaded before import = 0
Number of asset objects unloaded after import = 16
========================================================================
Received Import Request.
  Time since last request: 0.000023 seconds.
  path: Assets/TextMesh Pro/Examples & Extras/Scenes/05 - Style Tags.unity
  artifactKey: Guid(70615243e2be4a81afaab9bf5d273d65) Importer(2089858483,ef33d1177ba250d2f1210d0eb9ad1321)
Start importing Assets/TextMesh Pro/Examples & Extras/Scenes/05 - Style Tags.unity using Guid(70615243e2be4a81afaab9bf5d273d65) Importer(2089858483,ef33d1177ba250d2f1210d0eb9ad1321) Opening scene 'Assets/TextMesh Pro/Examples & Extras/Scenes/05 - Style Tags.unity additively'
LightingSettings: switching bake backend from 1 to 0.
Loaded scene 'Assets/TextMesh Pro/Examples & Extras/Scenes/05 - Style Tags.unity'
	Deserialize:            31.614 ms
	Integration:            4.403 ms
	Integration of assets:  1.120 ms
	Thread Wait Time:       0.048 ms
	Total Operation Time:   37.185 ms
Generated GUIDs only implemented for interfaces!
 -> (artifact id: '65c4f57044c99c4c156ec79d38cbbd8c') in 0.053339 seconds
Number of updated asset objects reloaded before import = 0
Number of asset objects unloaded after import = 17
========================================================================
Received Import Request.
  Time since last request: 0.000029 seconds.
  path: Assets/TextMesh Pro/Examples & Extras/Scenes/07 - Superscript & Subscript Example.unity
  artifactKey: Guid(03ec435d4b7140e9b2d87f79136d8374) Importer(2089858483,ef33d1177ba250d2f1210d0eb9ad1321)
Start importing Assets/TextMesh Pro/Examples & Extras/Scenes/07 - Superscript & Subscript Example.unity using Guid(03ec435d4b7140e9b2d87f79136d8374) Importer(2089858483,ef33d1177ba250d2f1210d0eb9ad1321) Opening scene 'Assets/TextMesh Pro/Examples & Extras/Scenes/07 - Superscript & Subscript Example.unity additively'
Loaded scene 'Assets/TextMesh Pro/Examples & Extras/Scenes/07 - Superscript & Subscript Example.unity'
	Deserialize:            30.582 ms
	Integration:            4.108 ms
	Integration of assets:  0.754 ms
	Thread Wait Time:       0.016 ms
	Total Operation Time:   35.459 ms
Generated GUIDs only implemented for interfaces!
 -> (artifact id: 'c85a83dfbf6d8168b966d0fd54b9aeba') in 0.052435 seconds
Number of updated asset objects reloaded before import = 0
Number of asset objects unloaded after import = 17
========================================================================
Received Import Request.
  Time since last request: 0.000026 seconds.
  path: Assets/TextMesh Pro/Examples & Extras/Scenes/10 - Bullets & Numbered List Example.unity
  artifactKey: Guid(c3f814e1d12c45568daf3dd9a86a0e61) Importer(2089858483,ef33d1177ba250d2f1210d0eb9ad1321)
Start importing Assets/TextMesh Pro/Examples & Extras/Scenes/10 - Bullets & Numbered List Example.unity using Guid(c3f814e1d12c45568daf3dd9a86a0e61) Importer(2089858483,ef33d1177ba250d2f1210d0eb9ad1321) Opening scene 'Assets/TextMesh Pro/Examples & Extras/Scenes/10 - Bullets & Numbered List Example.unity additively'
LightingSettings: switching bake backend from 1 to 0.
Loaded scene 'Assets/TextMesh Pro/Examples & Extras/Scenes/10 - Bullets & Numbered List Example.unity'
	Deserialize:            47.704 ms
	Integration:            4.698 ms
	Integration of assets:  1.411 ms
	Thread Wait Time:       0.018 ms
	Total Operation Time:   53.832 ms
Generated GUIDs only implemented for interfaces!
 -> (artifact id: 'c60c44269b5d083966054cc762f37127') in 0.069753 seconds
Number of updated asset objects reloaded before import = 0
Number of asset objects unloaded after import = 19
========================================================================
Received Import Request.
  Time since last request: 0.000024 seconds.
  path: Assets/TextMesh Pro/Examples & Extras/Scenes/06 - Extra Rich Text Examples.unity
  artifactKey: Guid(39a1fa96ad2a449b908fca29d4297a74) Importer(2089858483,ef33d1177ba250d2f1210d0eb9ad1321)
Start importing Assets/TextMesh Pro/Examples & Extras/Scenes/06 - Extra Rich Text Examples.unity using Guid(39a1fa96ad2a449b908fca29d4297a74) Importer(2089858483,ef33d1177ba250d2f1210d0eb9ad1321) Opening scene 'Assets/TextMesh Pro/Examples & Extras/Scenes/06 - Extra Rich Text Examples.unity additively'
LightingSettings: switching bake backend from 1 to 0.
Loaded scene 'Assets/TextMesh Pro/Examples & Extras/Scenes/06 - Extra Rich Text Examples.unity'
	Deserialize:            37.992 ms
	Integration:            4.642 ms
	Integration of assets:  0.851 ms
	Thread Wait Time:       0.021 ms
	Total Operation Time:   43.506 ms
Generated GUIDs only implemented for interfaces!
 -> (artifact id: 'e0cd5c6a085cb4a1818090a162049186') in 0.058708 seconds
Number of updated asset objects reloaded before import = 0
Number of asset objects unloaded after import = 17
========================================================================
Received Import Request.
  Time since last request: 0.000025 seconds.
  path: Assets/TextMesh Pro/Examples & Extras/Scenes/Benchmark (Floating Text).unity
  artifactKey: Guid(16177da2e3254cee91944756d5f8ddd3) Importer(2089858483,ef33d1177ba250d2f1210d0eb9ad1321)
Start importing Assets/TextMesh Pro/Examples & Extras/Scenes/Benchmark (Floating Text).unity using Guid(16177da2e3254cee91944756d5f8ddd3) Importer(2089858483,ef33d1177ba250d2f1210d0eb9ad1321) Opening scene 'Assets/TextMesh Pro/Examples & Extras/Scenes/Benchmark (Floating Text).unity additively'
LightingSettings: switching bake backend from 1 to 0.
Loaded scene 'Assets/TextMesh Pro/Examples & Extras/Scenes/Benchmark (Floating Text).unity'
	Deserialize:            9.854 ms
	Integration:            1.882 ms
	Integration of assets:  0.002 ms
	Thread Wait Time:       0.018 ms
	Total Operation Time:   11.756 ms
Generated GUIDs only implemented for interfaces!
 -> (artifact id: '90fdbba18a44f5b22c914c3ee75eb363') in 0.030330 seconds
Number of updated asset objects reloaded before import = 0
Number of asset objects unloaded after import = 1
========================================================================
Received Import Request.
  Time since last request: 0.000022 seconds.
  path: Assets/TextMesh Pro/Examples & Extras/Scenes/19 - Masking Texture & Soft Mask.unity
  artifactKey: Guid(9abcd5bd764646568a6ea70d00f9264c) Importer(2089858483,ef33d1177ba250d2f1210d0eb9ad1321)
Start importing Assets/TextMesh Pro/Examples & Extras/Scenes/19 - Masking Texture & Soft Mask.unity using Guid(9abcd5bd764646568a6ea70d00f9264c) Importer(2089858483,ef33d1177ba250d2f1210d0eb9ad1321) Opening scene 'Assets/TextMesh Pro/Examples & Extras/Scenes/19 - Masking Texture & Soft Mask.unity additively'
LightingSettings: switching bake backend from 1 to 0.
Loaded scene 'Assets/TextMesh Pro/Examples & Extras/Scenes/19 - Masking Texture & Soft Mask.unity'
	Deserialize:            39.086 ms
	Integration:            11.722 ms
	Integration of assets:  0.977 ms
	Thread Wait Time:       0.021 ms
	Total Operation Time:   51.806 ms
Generated GUIDs only implemented for interfaces!
 -> (artifact id: '1f71c95a2e1204a57672be64e3ce32d1') in 0.069113 seconds
Number of updated asset objects reloaded before import = 0
Number of asset objects unloaded after import = 18
========================================================================
Received Import Request.
  Time since last request: 0.000036 seconds.
  path: Assets/TextMesh Pro/Examples & Extras/Scenes/09 - Margin Tag Example.unity
  artifactKey: Guid(349f38d3606449708c7340d26740e1e2) Importer(2089858483,ef33d1177ba250d2f1210d0eb9ad1321)
Start importing Assets/TextMesh Pro/Examples & Extras/Scenes/09 - Margin Tag Example.unity using Guid(349f38d3606449708c7340d26740e1e2) Importer(2089858483,ef33d1177ba250d2f1210d0eb9ad1321) Opening scene 'Assets/TextMesh Pro/Examples & Extras/Scenes/09 - Margin Tag Example.unity additively'
LightingSettings: switching bake backend from 1 to 0.
Loaded scene 'Assets/TextMesh Pro/Examples & Extras/Scenes/09 - Margin Tag Example.unity'
	Deserialize:            35.147 ms
	Integration:            4.869 ms
	Integration of assets:  0.829 ms
	Thread Wait Time:       0.016 ms
	Total Operation Time:   40.860 ms
Generated GUIDs only implemented for interfaces!
 -> (artifact id: 'a8284378d3288ae774c7810740309046') in 0.056810 seconds
Number of updated asset objects reloaded before import = 0
Number of asset objects unloaded after import = 17
========================================================================
Received Import Request.
  Time since last request: 0.000023 seconds.
  path: Assets/TextMesh Pro/Examples & Extras/Scenes/12 - Link Example.unity
  artifactKey: Guid(9747140c28254be2adc582210dfb89b8) Importer(2089858483,ef33d1177ba250d2f1210d0eb9ad1321)
Start importing Assets/TextMesh Pro/Examples & Extras/Scenes/12 - Link Example.unity using Guid(9747140c28254be2adc582210dfb89b8) Importer(2089858483,ef33d1177ba250d2f1210d0eb9ad1321) Opening scene 'Assets/TextMesh Pro/Examples & Extras/Scenes/12 - Link Example.unity additively'
LightingSettings: switching bake backend from 1 to 0.
Loaded scene 'Assets/TextMesh Pro/Examples & Extras/Scenes/12 - Link Example.unity'
	Deserialize:            50.193 ms
	Integration:            5.320 ms
	Integration of assets:  1.293 ms
	Thread Wait Time:       0.015 ms
	Total Operation Time:   56.821 ms
Generated GUIDs only implemented for interfaces!
 -> (artifact id: 'e9968a07f65c1cc5f5495a52e939263d') in 0.071792 seconds
Number of updated asset objects reloaded before import = 0
Number of asset objects unloaded after import = 34
========================================================================
Received Import Request.
  Time since last request: 0.000020 seconds.
  path: Assets/TextMesh Pro/Examples & Extras/Scenes/04 - Word Wrapping.unity
  artifactKey: Guid(8f7137eacd7042d5b17ef0efe5e744f5) Importer(2089858483,ef33d1177ba250d2f1210d0eb9ad1321)
Start importing Assets/TextMesh Pro/Examples & Extras/Scenes/04 - Word Wrapping.unity using Guid(8f7137eacd7042d5b17ef0efe5e744f5) Importer(2089858483,ef33d1177ba250d2f1210d0eb9ad1321) Opening scene 'Assets/TextMesh Pro/Examples & Extras/Scenes/04 - Word Wrapping.unity additively'
Loaded scene 'Assets/TextMesh Pro/Examples & Extras/Scenes/04 - Word Wrapping.unity'
	Deserialize:            29.456 ms
	Integration:            4.105 ms
	Integration of assets:  0.849 ms
	Thread Wait Time:       0.013 ms
	Total Operation Time:   34.422 ms
Generated GUIDs only implemented for interfaces!
 -> (artifact id: '54c3fc59336779795087d1486a7b2daa') in 0.049943 seconds
Number of updated asset objects reloaded before import = 0
Number of asset objects unloaded after import = 16
========================================================================
Received Import Request.
  Time since last request: 0.000028 seconds.
  path: Assets/TextMesh Pro/Examples & Extras/Scenes/26 - Dropdown Placeholder Example.unity
  artifactKey: Guid(0851605490a599b46b6ac5cb681d93ea) Importer(2089858483,ef33d1177ba250d2f1210d0eb9ad1321)
Start importing Assets/TextMesh Pro/Examples & Extras/Scenes/26 - Dropdown Placeholder Example.unity using Guid(0851605490a599b46b6ac5cb681d93ea) Importer(2089858483,ef33d1177ba250d2f1210d0eb9ad1321) Opening scene 'Assets/TextMesh Pro/Examples & Extras/Scenes/26 - Dropdown Placeholder Example.unity additively'
LightingSettings: switching bake backend from 1 to 0.
Loaded scene 'Assets/TextMesh Pro/Examples & Extras/Scenes/26 - Dropdown Placeholder Example.unity'
	Deserialize:            40.174 ms
	Integration:            7.125 ms
	Integration of assets:  0.794 ms
	Thread Wait Time:       0.021 ms
	Total Operation Time:   48.114 ms
Generated GUIDs only implemented for interfaces!
 -> (artifact id: '9e8350bb68664e8dac0cbc508fa3943e') in 0.072653 seconds
Number of updated asset objects reloaded before import = 0
Number of asset objects unloaded after import = 16
Editor requested this worker to shutdown with reason: Scaling down because of idle timeout
TcpMessagingSession - receive error
AssetImportWorkerClient::OnTransportError - code=2 error=End of file
AssetImportWorker is now disconnected from the server
Process exiting
Exiting without the bug reporter. Application will terminate with return code 0